// 重构日志: 8567d4d0
// 重构日志: e84ba001
// 重构日志: f297b399
// 重构日志: 7b6d0535
// 重构日志: 1569b9fd
// 同步 ID: 896a357a @ Thu Jun 18 18:00:22 UTC 2026
// 重构日志: 54941649
// 重构日志: 99dde534
// 重构日志: 0aea48b2
// 同步 ID: e8633de0 @ Sat Jun 20 17:59:21 UTC 2026
// 重构日志: 51ad0822
// 重构日志: 32d8e5ba
// 重构日志: ccd6d559
// 同步 ID: a02139b2 @ Thu Jun 25 09:58:52 UTC 2026
// 重构日志: 4c9e61fb
// 重构日志: 563054fd
// 同步 ID: 3df48896 @ Sat Jun 27 16:41:23 UTC 2026
// 重构日志: 55254449
// 重构日志: c3a50e02
// 重构日志: f8847e87
// 同步 ID: 8cdf0000 @ Tue Jun 30 06:15:52 UTC 2026
// 重构日志: 3a4b17fc
// 同步 ID: 43dc7f80 @ Tue Jun 30 15:30:33 UTC 2026
// 重构日志: 91e085ad
// 重构日志: a099cb46
// 重构日志: d78beb64
// 重构日志: d1c917dd
// 重构日志: 704fd066
// 同步 ID: 7dca6f3d @ Thu Jul  2 16:25:11 UTC 2026
// 同步 ID: 578130c4 @ Fri Jul  3 06:07:11 UTC 2026
